2025-06-14 19:23:44,586 - Clicando no elemento: ('xpath', "//android.widget.TextView[@text='Apps']")
2025-06-14 19:23:44,925 - Clicando no elemento: ('xpath', "//android.widget.TextView[@text='Apps']")
2025-06-14 19:23:45,972 - Clicando no elemento: ('xpath', "//android.widget.TextView[@text='Apps']")
2025-06-14 19:23:46,130 - Clicando no elemento: ('xpath', "//android.widget.TextView[@text='Apps']")
2025-06-14 19:27:45,784 - Clicando no elemento: ('xpath', "//android.widget.TextView[@text='Aplicativos']")
2025-06-14 19:27:46,089 - Clicando no elemento: ('xpath', "//android.widget.TextView[@text='Aplicativos']")
2025-06-14 19:27:47,184 - Clicando no elemento: ('xpath', "//android.widget.TextView[@text='Aplicativos']")
2025-06-14 19:27:47,339 - Clicando no elemento: ('xpath', "//android.widget.TextView[@text='Aplicativos']")
2025-06-14 19:31:07,475 - Clicando no elemento: ('xpath', "//android.widget.TextView[@text='Aplicativos']")
2025-06-14 19:31:07,784 - Clicando no elemento: ('xpath', "//android.widget.TextView[@text='Aplicativos']")
2025-06-14 19:31:08,867 - Clicando no elemento: ('xpath', "//android.widget.TextView[@text='Aplicativos']")
2025-06-14 19:31:09,010 - Clicando no elemento: ('xpath', "//android.widget.TextView[@text='Aplicativos']")
2025-06-17 22:24:34,300 - Clicando no elemento: ('xpath', "//android.widget.TextView[@text='Aplicativos']")
2025-06-17 22:24:34,491 - Clicando no elemento: ('xpath', "//android.widget.TextView[@text='Aplicativos']")
2025-06-17 22:24:35,631 - Clicando no elemento: ('xpath', "//android.widget.TextView[@text='Aplicativos']")
2025-06-17 22:24:35,809 - Clicando no elemento: ('xpath', "//android.widget.TextView[@text='Aplicativos']")
2025-06-17 23:11:26,457 - Clicando no elemento: ('xpath', "//android.widget.TextView[contains(@text,'Aplicativos']")
2025-06-17 23:11:27,537 - Clicando no elemento: ('xpath', "//android.widget.TextView[contains(@text,'Aplicativos']")
2025-06-17 23:11:27,586 - Clicando no elemento: ('xpath', "//android.widget.TextView[contains(@text,'Aplicativos']")
2025-06-17 23:11:27,631 - Clicando no elemento: ('xpath', "//android.widget.TextView[contains(@text,'Aplicativos']")
2025-06-17 23:17:07,354 - Clicando no elemento: ('xpath', "//android.widget.TextView[contains(@text,'Aplicativos')]")
2025-06-17 23:17:08,546 - Clicando no elemento: ('xpath', "//android.widget.TextView[@text='See all apps']")
2025-06-17 23:17:08,694 - Clicando no elemento: ('xpath', "//android.widget.TextView[contains(@text,'Aplicativos')]")
2025-06-17 23:17:10,633 - Clicando no elemento: ('xpath', "//android.widget.TextView[@text='See all apps']")
2025-06-17 23:17:10,744 - Clicando no elemento: ('xpath', "//android.widget.TextView[contains(@text,'Aplicativos')]")
2025-06-17 23:17:10,805 - Clicando no elemento: ('xpath', "//android.widget.TextView[contains(@text,'Aplicativos')]")
2025-06-17 23:19:24,438 - Clicando no elemento: ('xpath', "//android.widget.TextView[contains(@text,'Aplicativos')]")
2025-06-17 23:19:25,702 - Clicando no elemento: ('xpath', "//android.widget.TextView[@text='See all apps']")
2025-06-17 23:19:26,377 - Clicando no elemento: ('xpath', "//android.widget.TextView[contains(@text,'Aplicativos')]")
2025-06-17 23:19:26,950 - Clicando no elemento: ('xpath', "//android.widget.TextView[contains(@text,'Aplicativos')]")
2025-06-17 23:19:27,009 - Clicando no elemento: ('xpath', "//android.widget.TextView[contains(@text,'Aplicativos')]")
